<?xml version="1.0" encoding="UTF-8"?>
<!-- Generated by org.testng.reporters.JUnitXMLReporter -->
<testsuite ignored="0" hostname="DESKTOP-3SKVL4P" failures="0" tests="11" name="Default test" time="182.307" errors="0" timestamp="2022-05-04T16:45:03 IST">
  <testcase classname="GoPadelTest.GoPadelTest" name="PadelBranchesTest" time="9.028"/>
  <testcase classname="GoPadelTest.GoPadelTest" name="padellistPageTest" time="17.021"/>
  <testcase classname="GoPadelTest.GoPadelTest" name="addpadelpage" time="82.328"/>
  <testcase classname="GoPadelTest.GoPadelTest" name="VerifyAddedPadelBranchTest" time="0.096"/>
  <testcase classname="GoPadelTest.GoPadelTest" name="clickOnPadelBranches" time="3.347"/>
  <testcase classname="GoPadelTest.GoPadelTest" name="PadelBranchPageTest" time="16.769"/>
  <testcase classname="GoPadelTest.GoPadelTest" name="clickOnPadelcourt" time="4.417"/>
  <testcase classname="GoPadelTest.GoPadelTest" name="PadelCourtsPage" time="7.533"/>
  <testcase classname="GoPadelTest.GoPadelTest" name="AddPadelCourtsPage" time="9.896"/>
  <testcase classname="GoPadelTest.GoPadelTest" name="DiscountCoupons" time="5.828"/>
  <testcase classname="GoPadelTest.GoPadelTest" name="clickcreatecoupns" time="25.828"/>
</testsuite> <!-- Default test -->
