<?xml version="1.0" encoding="UTF-8"?>
<testng-results ignored="0" total="11" passed="11" failed="0" skipped="0">
  <reporter-output>
  </reporter-output>
  <suite started-at="2022-05-04T16:42:01 IST" name="Default suite" finished-at="2022-05-04T16:45:03 IST" duration-ms="182307">
    <groups>
    </groups>
    <test started-at="2022-05-04T16:42:01 IST" name="Default test" finished-at="2022-05-04T16:45:03 IST" duration-ms="182307">
      <class name="GoPadelTest.GoPadelTest">
        <test-method is-config="true" signature="suiteSetup()[pri:0, instance:GoPadelTest.GoPadelTest@3542162a]" started-at="2022-05-04T16:41:52 IST" name="suiteSetup" finished-at="2022-05-04T16:42:01 IST" duration-ms="8882" status="PASS">
          <reporter-output>
          </reporter-output>
        </test-method> <!-- suiteSetup -->
        <test-method signature="PadelBranchesTest()[pri:0, instance:GoPadelTest.GoPadelTest@3542162a]" started-at="2022-05-04T16:42:01 IST" name="PadelBranchesTest" finished-at="2022-05-04T16:42:10 IST" duration-ms="9028" status="PASS">
          <reporter-output>
          </reporter-output>
        </test-method> <!-- PadelBranchesTest -->
        <test-method signature="padellistPageTest()[pri:1, instance:GoPadelTest.GoPadelTest@3542162a]" started-at="2022-05-04T16:42:10 IST" name="padellistPageTest" finished-at="2022-05-04T16:42:27 IST" duration-ms="17021" status="PASS">
          <reporter-output>
          </reporter-output>
        </test-method> <!-- padellistPageTest -->
        <test-method signature="addpadelpage()[pri:2, instance:GoPadelTest.GoPadelTest@3542162a]" started-at="2022-05-04T16:42:27 IST" name="addpadelpage" finished-at="2022-05-04T16:43:50 IST" duration-ms="82328" status="PASS">
          <reporter-output>
          </reporter-output>
        </test-method> <!-- addpadelpage -->
        <test-method signature="VerifyAddedPadelBranchTest()[pri:3, instance:GoPadelTest.GoPadelTest@3542162a]" started-at="2022-05-04T16:43:50 IST" name="VerifyAddedPadelBranchTest" finished-at="2022-05-04T16:43:50 IST" duration-ms="96" status="PASS">
          <reporter-output>
          </reporter-output>
        </test-method> <!-- VerifyAddedPadelBranchTest -->
        <test-method signature="clickOnPadelBranches()[pri:4, instance:GoPadelTest.GoPadelTest@3542162a]" started-at="2022-05-04T16:43:50 IST" name="clickOnPadelBranches" finished-at="2022-05-04T16:43:53 IST" duration-ms="3347" status="PASS">
          <reporter-output>
          </reporter-output>
        </test-method> <!-- clickOnPadelBranches -->
        <test-method signature="PadelBranchPageTest()[pri:5, instance:GoPadelTest.GoPadelTest@3542162a]" started-at="2022-05-04T16:43:53 IST" name="PadelBranchPageTest" finished-at="2022-05-04T16:44:10 IST" duration-ms="16769" status="PASS">
          <reporter-output>
          </reporter-output>
        </test-method> <!-- PadelBranchPageTest -->
        <test-method signature="clickOnPadelcourt()[pri:6, instance:GoPadelTest.GoPadelTest@3542162a]" started-at="2022-05-04T16:44:10 IST" name="clickOnPadelcourt" finished-at="2022-05-04T16:44:14 IST" duration-ms="4417" status="PASS">
          <reporter-output>
          </reporter-output>
        </test-method> <!-- clickOnPadelcourt -->
        <test-method signature="PadelCourtsPage()[pri:7, instance:GoPadelTest.GoPadelTest@3542162a]" started-at="2022-05-04T16:44:14 IST" name="PadelCourtsPage" finished-at="2022-05-04T16:44:22 IST" duration-ms="7533" status="PASS">
          <reporter-output>
          </reporter-output>
        </test-method> <!-- PadelCourtsPage -->
        <test-method signature="AddPadelCourtsPage()[pri:8, instance:GoPadelTest.GoPadelTest@3542162a]" started-at="2022-05-04T16:44:22 IST" name="AddPadelCourtsPage" finished-at="2022-05-04T16:44:32 IST" duration-ms="9896" status="PASS">
          <reporter-output>
          </reporter-output>
        </test-method> <!-- AddPadelCourtsPage -->
        <test-method signature="DiscountCoupons()[pri:9, instance:GoPadelTest.GoPadelTest@3542162a]" started-at="2022-05-04T16:44:32 IST" name="DiscountCoupons" finished-at="2022-05-04T16:44:37 IST" duration-ms="5828" status="PASS">
          <reporter-output>
          </reporter-output>
        </test-method> <!-- DiscountCoupons -->
        <test-method signature="clickcreatecoupns()[pri:10, instance:GoPadelTest.GoPadelTest@3542162a]" started-at="2022-05-04T16:44:37 IST" name="clickcreatecoupns" finished-at="2022-05-04T16:45:03 IST" duration-ms="25828" status="PASS">
          <reporter-output>
          </reporter-output>
        </test-method> <!-- clickcreatecoupns -->
        <test-method is-config="true" signature="suiteTearDown()[pri:0, instance:GoPadelTest.GoPadelTest@3542162a]" started-at="2022-05-04T16:45:03 IST" name="suiteTearDown" finished-at="2022-05-04T16:45:03 IST" duration-ms="1" status="PASS">
          <reporter-output>
          </reporter-output>
        </test-method> <!-- suiteTearDown -->
      </class> <!-- GoPadelTest.GoPadelTest -->
    </test> <!-- Default test -->
  </suite> <!-- Default suite -->
</testng-results>
